This file contains any messages produced by compilers while
running configure, to aid debugging if configure makes a mistake.

configure:1358: gcc -c -g -O -Wall -Wshadow -I/usr/X11R6/include   conftest.c 1>&5
configure:1812: gcc -o conftest -g -O -Wall -Wshadow   conftest.c -ltermcap  1>&5
configure:1809:1: warning: return type defaults to 'int' [-Wimplicit-int]
 main() { exit(strcmp(tgoto("%p1%d", 0, 1), "1") ? 0 : 1); }
 ^
configure: In function 'main':
configure:1809:10: warning: implicit declaration of function 'exit' [-Wimplicit-function-declaration]
 main() { exit(strcmp(tgoto("%p1%d", 0, 1), "1") ? 0 : 1); }
          ^
configure:1809:10: warning: incompatible implicit declaration of built-in function 'exit'
configure:1809:10: note: include '<stdlib.h>' or provide a declaration of 'exit'
configure:1809:15: warning: implicit declaration of function 'strcmp' [-Wimplicit-function-declaration]
 main() { exit(strcmp(tgoto("%p1%d", 0, 1), "1") ? 0 : 1); }
               ^
configure:1809:22: warning: implicit declaration of function 'tgoto' [-Wimplicit-function-declaration]
 main() { exit(strcmp(tgoto("%p1%d", 0, 1), "1") ? 0 : 1); }
                      ^
configure:1835: gcc -o conftest -g -O -Wall -Wshadow   conftest.c -ltermcap  1>&5
configure:1832:1: warning: return type defaults to 'int' [-Wimplicit-int]
 main() { exit(toupper('A') == 'A' && tolower('z') == 'z'); }
 ^
configure: In function 'main':
configure:1832:10: warning: implicit declaration of function 'exit' [-Wimplicit-function-declaration]
 main() { exit(toupper('A') == 'A' && tolower('z') == 'z'); }
          ^
configure:1832:10: warning: incompatible implicit declaration of built-in function 'exit'
configure:1832:10: note: include '<stdlib.h>' or provide a declaration of 'exit'
configure:1857: gcc -c -g -O -Wall -Wshadow  conftest.c 1>&5
configure: In function 't':
configure:1853:1: warning: implicit declaration of function 'fprintf' [-Wimplicit-function-declaration]
 fprintf("(" __DATE__ " " __TIME__ ")");
 ^
configure:1853:1: warning: incompatible implicit declaration of built-in function 'fprintf'
configure:1853:1: note: include '<stdio.h>' or provide a declaration of 'fprintf'
configure:1853:1: error: too few arguments to function 'fprintf'
configure:2700: gcc -o conftest -g -O -Wall -Wshadow   conftest.c -ltermcap  1>&5
configure:2755: gcc -o conftest -g -O -Wall -Wshadow   conftest.c -ltermcap  1>&5
configure:2810: gcc -c -g -O -Wall -Wshadow  conftest.c 1>&5
configure: In function 't':
configure:2806:36: error: 'outfuntype' undeclared (first use in this function)
 extern int xx(); tputs("test", 1, (outfuntype)xx)
                                    ^
configure:2806:36: note: each undeclared identifier is reported only once for each function it appears in
configure:2806:47: error: expected ')' before 'xx'
 extern int xx(); tputs("test", 1, (outfuntype)xx)
                                               ^
configure:2836: gcc -c -g -O -Wall -Wshadow  conftest.c 1>&5
configure:2967: gcc -o conftest -g -O -Wall -Wshadow   conftest.c -ltermcap  1>&5
configure:2958:1: warning: return type defaults to 'int' [-Wimplicit-int]
 main()
 ^
configure: In function 'main':
configure:2963:10: warning: implicit declaration of function 'getcwd' [-Wimplicit-function-declaration]
   return getcwd(buffer, 500) ? 0 : 1;
          ^
configure:3150: gcc -o conftest -g -O -Wall -Wshadow   conftest.c -ltermcap  1>&5
configure:3222: gcc -o conftest -g -O -Wall -Wshadow   conftest.c -ltermcap  1>&5
configure:3220:1: warning: return type defaults to 'int' [-Wimplicit-int]
 EOF
 ^
configure: In function 'main':
configure:3222:3: warning: implicit declaration of function 'strcpy' [-Wimplicit-function-declaration]
 if test -s conftest && (./conftest; exit) 2>/dev/null; then
   ^
configure:3222:3: warning: incompatible implicit declaration of built-in function 'strcpy'
configure:3222:3: note: include '<string.h>' or provide a declaration of 'strcpy'
configure:3219:22: warning: implicit declaration of function 'memmove' [-Wimplicit-function-declaration]
 #define bcopy(s,d,l) memmove(d,s,l) $bcopy_test_prog
                      ^
configure:3223:3: note: in expansion of macro 'bcopy'
   cat >> confdefs.h <<\EOF
   ^
configure:3219:22: warning: incompatible implicit declaration of built-in function 'memmove'
 #define bcopy(s,d,l) memmove(d,s,l) $bcopy_test_prog
                      ^
configure:3223:3: note: in expansion of macro 'bcopy'
   cat >> confdefs.h <<\EOF
   ^
configure:3219:22: note: include '<string.h>' or provide a declaration of 'memmove'
 #define bcopy(s,d,l) memmove(d,s,l) $bcopy_test_prog
                      ^
configure:3223:3: note: in expansion of macro 'bcopy'
   cat >> confdefs.h <<\EOF
   ^
configure:3224:7: warning: implicit declaration of function 'strncmp' [-Wimplicit-function-declaration]
 #define USEMEMMOVE 1
       ^
configure:3225:5: warning: implicit declaration of function 'exit' [-Wimplicit-function-declaration]
configure:3225:5: warning: incompatible implicit declaration of built-in function 'exit'
configure:3225:5: note: include '<stdlib.h>' or provide a declaration of 'exit'
configure:3229:5: warning: incompatible implicit declaration of built-in function 'exit'
   { echo "configure: error: failed to compile test program" 1>&2; exit 1; }
     ^
configure:3229:5: note: include '<stdlib.h>' or provide a declaration of 'exit'
configure:3230:3: warning: incompatible implicit declaration of built-in function 'exit'
 else
   ^
configure:3230:3: note: include '<stdlib.h>' or provide a declaration of 'exit'
./configure: line 3271: etags: command not found
./configure: line 3272: etags: command not found
ctags: Unknown option: -t
ctags: Unknown option: -t
ctags: Unknown option: -t
ctags: Unknown option: -i
